<component name="libraryTable">
  <library name="junit-4.13-rc-2">
    <CLASSES>
      <root url="jar://$PROJECT_DIR$/../../jdk1.8.0_131/lib/JUnit/junit-4.13-rc-2.jar!/" />
      <root url="jar://$PROJECT_DIR$/../../jdk1.8.0_131/lib/JUnit/hamcrest-core-1.3.jar!/" />
    </CLASSES>
    <JAVADOC>
      <root url="jar://$PROJECT_DIR$/../../jdk1.8.0_131/lib/JUnit/junit-4.13-rc-2-javadoc.jar!/" />
    </JAVADOC>
    <SOURCES />
  </library>
</component>